{
  "RSpec": {
    "coverage": {
      "/Users/mzwickle/Documents/Makers/Projects/Week6/bookmark_manager/spec/bookmark_spec.rb": {
        "lines": [
          1,
          1,
          1,
          null,
          1,
          1,
          null,
          1,
          null,
          1,
          1,
          null,
          null,
          null,
          1,
          1,
          4,
          null,
          null,
          null
        ]
      },
      "/Users/mzwickle/Documents/Makers/Projects/Week6/bookmark_manager/spec/features/create_bookmark_spec.rb": {
        "lines": [
          1,
          1,
          1,
          1,
          1,
          1,
          1,
          null,
          null
        ]
      },
      "/Users/mzwickle/Documents/Makers/Projects/Week6/bookmark_manager/spec/features/index_shows_hello_world_spec.rb": {
        "lines": [
          null,
          null,
          1,
          1,
          1,
          1,
          null,
          null
        ]
      },
      "/Users/mzwickle/Documents/Makers/Projects/Week6/bookmark_manager/spec/features/view_bookmarks_spec.rb": {
        "lines": [
          1,
          1,
          null,
          1,
          1,
          1,
          null,
          1,
          null,
          1,
          1,
          1,
          1,
          null,
          null
        ]
      }
    },
    "timestamp": 1642667607
  }
}
